2025-05-03 20:06:52,815 - __main__ - INFO - 감정 기반 여행 추천 시스템 모델 학습 시작
2025-05-03 20:06:52,817 - __main__ - INFO - 감정-여행동기 매핑 테이블 생성 완료 (크기: 18)
2025-05-03 20:06:52,819 - __main__ - INFO - 감정-여행동기 매핑 테이블 저장 완료: models/emotion_mapping.csv
2025-05-03 20:06:52,819 - __main__ - ERROR - 데이터 로드 실패: [Errno 2] No such file or directory: 'data/final_merge_outer.csv'
2025-05-03 20:07:31,357 - __main__ - INFO - 감정 기반 여행 추천 시스템 모델 학습 시작
2025-05-03 20:07:31,358 - __main__ - INFO - 감정-여행동기 매핑 테이블 생성 완료 (크기: 18)
2025-05-03 20:07:31,360 - __main__ - INFO - 감정-여행동기 매핑 테이블 저장 완료: models/emotion_mapping.csv
2025-05-03 20:07:31,360 - __main__ - ERROR - 데이터 로드 실패: [Errno 2] No such file or directory: 'data/train/final_merge_outer.csv'
2025-05-03 20:07:48,255 - __main__ - INFO - 감정 기반 여행 추천 시스템 모델 학습 시작
2025-05-03 20:07:48,257 - __main__ - INFO - 감정-여행동기 매핑 테이블 생성 완료 (크기: 18)
2025-05-03 20:07:48,258 - __main__ - INFO - 감정-여행동기 매핑 테이블 저장 완료: models/emotion_mapping.csv
2025-05-03 20:07:48,382 - __main__ - INFO - 데이터 로드 완료 (크기: (102957, 12))
2025-05-03 20:07:47,810 - __main__ - INFO - 데이터 전처리 완료 (학습 데이터 크기: (82287, 44), 테스트 데이터 크기: (20572, 44))
2025-05-03 20:08:13,938 - __main__ - INFO - MSE: 0.6029
2025-05-03 20:08:13,938 - __main__ - INFO - RMSE: 0.7765
2025-05-03 20:08:13,938 - __main__ - INFO - MAE: 0.5765
2025-05-03 20:08:13,938 - __main__ - INFO - R²: 0.1208
2025-05-03 20:08:13,938 - __main__ - INFO - 허용 오차(0.5) 내 정확도: 0.5405
2025-05-03 20:08:13,939 - __main__ - INFO - 모델 학습 완료
2025-05-03 20:08:13,939 - __main__ - ERROR - 모델 저장 실패: Invalid filepath extension for saving. Please add either a `.keras` extension for the native Keras format (recommended) or a `.h5` extension. Use `model.export(filepath)` if you want to export a SavedModel for use with TFLite/TFServing/etc. Received: filepath=models/model_v20250503_200813/emotion_recommender.
2025-05-03 20:09:58,333 - __main__ - INFO - 감정 기반 여행 추천 시스템 모델 학습 시작
2025-05-03 20:09:58,335 - __main__ - INFO - 감정-여행동기 매핑 테이블 생성 완료 (크기: 18)
2025-05-03 20:09:58,336 - __main__ - INFO - 감정-여행동기 매핑 테이블 저장 완료: models/emotion_mapping.csv
2025-05-03 20:09:58,457 - __main__ - INFO - 데이터 로드 완료 (크기: (102957, 12))
2025-05-03 20:10:00,382 - __main__ - INFO - 데이터 전처리 완료 (학습 데이터 크기: (82287, 44), 테스트 데이터 크기: (20572, 44))
2025-05-03 20:10:23,151 - __main__ - INFO - MSE: 0.6016
2025-05-03 20:10:23,151 - __main__ - INFO - RMSE: 0.7756
2025-05-03 20:10:23,151 - __main__ - INFO - MAE: 0.5768
2025-05-03 20:10:23,151 - __main__ - INFO - R²: 0.1227
2025-05-03 20:10:23,151 - __main__ - INFO - 허용 오차(0.5) 내 정확도: 0.5391
2025-05-03 20:10:23,152 - __main__ - INFO - 모델 학습 완료
2025-05-03 20:10:23,209 - __main__ - INFO - 모델 저장 완료: models/model_v20250503_201023/emotion_recommender.keras
2025-05-03 20:10:23,210 - __main__ - INFO - 인코더 저장 완료: models/model_v20250503_201023/encoders.pkl
2025-05-03 20:10:23,210 - __main__ - INFO - 평가 결과 저장 완료: models/model_v20250503_201023/results.json
2025-05-03 20:10:23,210 - __main__ - INFO - 최신 모델 정보 갱신 완료: models/latest.json
2025-05-03 20:10:23,210 - __main__ - INFO - 모델 저장 완료 (버전: model_v20250503_201023)
2025-05-03 20:10:23,210 - __main__ - INFO - 감정 기반 여행 추천 시스템 모델 학습 완료
